# JRE version: OpenJDK Runtime Environment (17.0.6) (build 17.0.6+0-b2043.56-10027231)
# Java VM: OpenJDK 64-Bit Server VM (17.0.6+0-b2043.56-10027231, mixed mode, tiered, compressed oops, compressed class ptrs, g1 gc, windows-amd64)
GC Precious Log:
 CPUs: 8 total, 8 available
 Memory: 16304M
 Large Page Support: Disabled
 NUMA Support: Disabled
 Compressed Oops: Enabled (32-bit)
 Heap Region Size: 1M
 Heap Min Capacity: 8M
 Heap Initial Capacity: 256M
 Heap Max Capacity: 2G
 Pre-touch: Disabled
 Parallel Workers: 8
 Concurrent Workers: 2
 Concurrent Refinement Workers: 8
 Periodic GC: Disabled
Heap:
 garbage-first heap   total 65536K, used 40250K [0x0000000080000000, 0x0000000100000000)
  region size 1024K, 21 young (21504K), 2 survivors (2048K)
 Metaspace       used 33245K, committed 33536K, reserved 1081344K
  class space    used 4571K, committed 4672K, reserved 1048576K
GC Heap History (12 events):
Event: 1.366 GC heap before
{Heap before GC invocations=0 (full 0):
 garbage-first heap   total 262144K, used 26624K [0x0000000080000000, 0x0000000100000000)
  region size 1024K, 23 young (23552K), 0 survivors (0K)
 Metaspace       used 10248K, committed 10432K, reserved 1064960K
  class space    used 1058K, committed 1152K, reserved 1048576K
}
Event: 1.374 GC heap after
{Heap after GC invocations=1 (full 0):
 garbage-first heap   total 262144K, used 10361K [0x0000000080000000, 0x0000000100000000)
  region size 1024K, 3 young (3072K), 3 survivors (3072K)
 Metaspace       used 10248K, committed 10432K, reserved 1064960K
  class space    used 1058K, committed 1152K, reserved 1048576K
}
Event: 2.193 GC heap before
{Heap before GC invocations=1 (full 0):
 garbage-first heap   total 262144K, used 39033K [0x0000000080000000, 0x0000000100000000)
  region size 1024K, 30 young (30720K), 3 survivors (3072K)
 Metaspace       used 11194K, committed 11456K, reserved 1064960K
  class space    used 1161K, committed 1280K, reserved 1048576K
}
Event: 2.198 GC heap after
{Heap after GC invocations=2 (full 0):
 garbage-first heap   total 262144K, used 12504K [0x0000000080000000, 0x0000000100000000)
  region size 1024K, 3 young (3072K), 3 survivors (3072K)
 Metaspace       used 11194K, committed 11456K, reserved 1064960K
  class space    used 1161K, committed 1280K, reserved 1048576K
}
Event: 4.181 GC heap before
{Heap before GC invocations=2 (full 0):
 garbage-first heap   total 262144K, used 53464K [0x0000000080000000, 0x0000000100000000)
  region size 1024K, 44 young (45056K), 3 survivors (3072K)
 Metaspace       used 21286K, committed 21504K, reserved 1073152K
  class space    used 2589K, committed 2688K, reserved 1048576K
}
Event: 4.190 GC heap after
{Heap after GC invocations=3 (full 0):
 garbage-first heap   total 262144K, used 18142K [0x0000000080000000, 0x0000000100000000)
  region size 1024K, 8 young (8192K), 8 survivors (8192K)
 Metaspace       used 21286K, committed 21504K, reserved 1073152K
  class space    used 2589K, committed 2688K, reserved 1048576K
}
Event: 5.568 GC heap before
{Heap before GC invocations=4 (full 0):
 garbage-first heap   total 65536K, used 48862K [0x0000000080000000, 0x0000000100000000)
  region size 1024K, 38 young (38912K), 8 survivors (8192K)
 Metaspace       used 26047K, committed 26304K, reserved 1073152K
  class space    used 3412K, committed 3520K, reserved 1048576K
}
Event: 5.579 GC heap after
{Heap after GC invocations=5 (full 0):
 garbage-first heap   total 65536K, used 20352K [0x0000000080000000, 0x0000000100000000)
  region size 1024K, 3 young (3072K), 3 survivors (3072K)
 Metaspace       used 26047K, committed 26304K, reserved 1073152K
  class space    used 3412K, committed 3520K, reserved 1048576K
}
Event: 5.729 GC heap before
{Heap before GC invocations=5 (full 0):
 garbage-first heap   total 65536K, used 21376K [0x0000000080000000, 0x0000000100000000)
  region size 1024K, 4 young (4096K), 3 survivors (3072K)
 Metaspace       used 26172K, committed 26432K, reserved 1073152K
  class space    used 3437K, committed 3584K, reserved 1048576K
}
Event: 5.733 GC heap after
{Heap after GC invocations=6 (full 0):
 garbage-first heap   total 65536K, used 20704K [0x0000000080000000, 0x0000000100000000)
  region size 1024K, 1 young (1024K), 1 survivors (1024K)
 Metaspace       used 26172K, committed 26432K, reserved 1073152K
  class space    used 3437K, committed 3584K, reserved 1048576K
}
Event: 6.887 GC heap before
{Heap before GC invocations=6 (full 0):
 garbage-first heap   total 65536K, used 46304K [0x0000000080000000, 0x0000000100000000)
  region size 1024K, 26 young (26624K), 1 survivors (1024K)
 Metaspace       used 30194K, committed 30464K, reserved 1081344K
  class space    used 4102K, committed 4224K, reserved 1048576K
}
Event: 6.890 GC heap after
{Heap after GC invocations=7 (full 0):
 garbage-first heap   total 65536K, used 21818K [0x0000000080000000, 0x0000000100000000)
  region size 1024K, 2 young (2048K), 2 survivors (2048K)
 Metaspace       used 30194K, committed 30464K, reserved 1081344K
  class space    used 4102K, committed 4224K, reserved 1048576K
}

